# JRE version: Java(TM) SE Runtime Environment (8.0_191-b12) (build 1.8.0_191-b12)
# Java VM: Java HotSpot(TM) 64-Bit Server VM (25.191-b12 mixed mode windows-amd64 compressed oops)
Heap:
 PSYoungGen      total 182272K, used 92328K [0x00000000d5d80000, 0x00000000e4980000, 0x0000000100000000)
  eden space 171008K, 47% used [0x00000000d5d80000,0x00000000dacada78,0x00000000e0480000)
  from space 11264K, 99% used [0x00000000e3e80000,0x00000000e497c7d8,0x00000000e4980000)
  to   space 16896K, 0% used [0x00000000e2880000,0x00000000e2880000,0x00000000e3900000)
 ParOldGen       total 101888K, used 25298K [0x0000000081800000, 0x0000000087b80000, 0x00000000d5d80000)
  object space 101888K, 24% used [0x0000000081800000,0x00000000830b4948,0x0000000087b80000)
 Metaspace       used 49029K, capacity 51738K, committed 51840K, reserved 1093632K
  class space    used 6780K, capacity 7280K, committed 7296K, reserved 1048576K
GC Heap History (10 events):
Event: 80.954 GC heap before
{Heap before GC invocations=12 (full 2):
 PSYoungGen      total 167424K, used 161731K [0x00000000d5d80000, 0x00000000e3a00000, 0x0000000100000000)
  eden space 151040K, 100% used [0x00000000d5d80000,0x00000000df100000,0x00000000df100000)
  from space 16384K, 65% used [0x00000000df100000,0x00000000dfb70c18,0x00000000e0100000)
  to   space 16384K, 0% used [0x00000000e2a00000,0x00000000e2a00000,0x00000000e3a00000)
 ParOldGen       total 101888K, used 24386K [0x0000000081800000, 0x0000000087b80000, 0x00000000d5d80000)
  object space 101888K, 23% used [0x0000000081800000,0x0000000082fd0948,0x0000000087b80000)
 Metaspace       used 47655K, capacity 50218K, committed 50432K, reserved 1093632K
  class space    used 6600K, capacity 7072K, committed 7168K, reserved 1048576K
Event: 80.975 GC heap after
Heap after GC invocations=12 (full 2):
 PSYoungGen      total 202240K, used 15223K [0x00000000d5d80000, 0x00000000e3900000, 0x0000000100000000)
  eden space 186880K, 0% used [0x00000000d5d80000,0x00000000d5d80000,0x00000000e1400000)
  from space 15360K, 99% used [0x00000000e2a00000,0x00000000e38ddc48,0x00000000e3900000)
  to   space 17408K, 0% used [0x00000000e1700000,0x00000000e1700000,0x00000000e2800000)
 ParOldGen       total 101888K, used 24394K [0x0000000081800000, 0x0000000087b80000, 0x00000000d5d80000)
  object space 101888K, 23% used [0x0000000081800000,0x0000000082fd2948,0x0000000087b80000)
 Metaspace       used 47655K, capacity 50218K, committed 50432K, reserved 1093632K
  class space    used 6600K, capacity 7072K, committed 7168K, reserved 1048576K
}
Event: 673.496 GC heap before
{Heap before GC invocations=13 (full 2):
 PSYoungGen      total 202240K, used 202103K [0x00000000d5d80000, 0x00000000e3900000, 0x0000000100000000)
  eden space 186880K, 100% used [0x00000000d5d80000,0x00000000e1400000,0x00000000e1400000)
  from space 15360K, 99% used [0x00000000e2a00000,0x00000000e38ddc48,0x00000000e3900000)
  to   space 17408K, 0% used [0x00000000e1700000,0x00000000e1700000,0x00000000e2800000)
 ParOldGen       total 101888K, used 24394K [0x0000000081800000, 0x0000000087b80000, 0x00000000d5d80000)
  object space 101888K, 23% used [0x0000000081800000,0x0000000082fd2948,0x0000000087b80000)
 Metaspace       used 48946K, capacity 51624K, committed 51840K, reserved 1093632K
  class space    used 6775K, capacity 7273K, committed 7296K, reserved 1048576K
Event: 673.513 GC heap after
Heap after GC invocations=13 (full 2):
 PSYoungGen      total 207360K, used 11561K [0x00000000d5d80000, 0x00000000e5a00000, 0x0000000100000000)
  eden space 189952K, 0% used [0x00000000d5d80000,0x00000000d5d80000,0x00000000e1700000)
  from space 17408K, 66% used [0x00000000e1700000,0x00000000e224a770,0x00000000e2800000)
  to   space 17408K, 0% used [0x00000000e4900000,0x00000000e4900000,0x00000000e5a00000)
 ParOldGen       total 101888K, used 24402K [0x0000000081800000, 0x0000000087b80000, 0x00000000d5d80000)
  object space 101888K, 23% used [0x0000000081800000,0x0000000082fd4948,0x0000000087b80000)
 Metaspace       used 48946K, capacity 51624K, committed 51840K, reserved 1093632K
  class space    used 6775K, capacity 7273K, committed 7296K, reserved 1048576K
}
Event: 1328.289 GC heap before
{Heap before GC invocations=14 (full 2):
 PSYoungGen      total 207360K, used 201513K [0x00000000d5d80000, 0x00000000e5a00000, 0x0000000100000000)
  eden space 189952K, 100% used [0x00000000d5d80000,0x00000000e1700000,0x00000000e1700000)
  from space 17408K, 66% used [0x00000000e1700000,0x00000000e224a770,0x00000000e2800000)
  to   space 17408K, 0% used [0x00000000e4900000,0x00000000e4900000,0x00000000e5a00000)
 ParOldGen       total 101888K, used 24402K [0x0000000081800000, 0x0000000087b80000, 0x00000000d5d80000)
  object space 101888K, 23% used [0x0000000081800000,0x0000000082fd4948,0x0000000087b80000)
 Metaspace       used 48950K, capacity 51624K, committed 51840K, reserved 1093632K
  class space    used 6775K, capacity 7273K, committed 7296K, reserved 1048576K
Event: 1328.308 GC heap after
Heap after GC invocations=14 (full 2):
 PSYoungGen      total 194048K, used 10401K [0x00000000d5d80000, 0x00000000e5380000, 0x0000000100000000)
  eden space 183296K, 0% used [0x00000000d5d80000,0x00000000d5d80000,0x00000000e1080000)
  from space 10752K, 96% used [0x00000000e4900000,0x00000000e5328648,0x00000000e5380000)
  to   space 16896K, 0% used [0x00000000e3280000,0x00000000e3280000,0x00000000e4300000)
 ParOldGen       total 101888K, used 24410K [0x0000000081800000, 0x0000000087b80000, 0x00000000d5d80000)
  object space 101888K, 23% used [0x0000000081800000,0x0000000082fd6948,0x0000000087b80000)
 Metaspace       used 48950K, capacity 51624K, committed 51840K, reserved 1093632K
  class space    used 6775K, capacity 7273K, committed 7296K, reserved 1048576K
}
Event: 1909.557 GC heap before
{Heap before GC invocations=15 (full 2):
 PSYoungGen      total 194048K, used 193697K [0x00000000d5d80000, 0x00000000e5380000, 0x0000000100000000)
  eden space 183296K, 100% used [0x00000000d5d80000,0x00000000e1080000,0x00000000e1080000)
  from space 10752K, 96% used [0x00000000e4900000,0x00000000e5328648,0x00000000e5380000)
  to   space 16896K, 0% used [0x00000000e3280000,0x00000000e3280000,0x00000000e4300000)
 ParOldGen       total 101888K, used 24410K [0x0000000081800000, 0x0000000087b80000, 0x00000000d5d80000)
  object space 101888K, 23% used [0x0000000081800000,0x0000000082fd6948,0x0000000087b80000)
 Metaspace       used 48998K, capacity 51734K, committed 51840K, reserved 1093632K
  class space    used 6780K, capacity 7280K, committed 7296K, reserved 1048576K
Event: 1909.574 GC heap after
Heap after GC invocations=15 (full 2):
 PSYoungGen      total 189440K, used 12209K [0x00000000d5d80000, 0x00000000e4980000, 0x0000000100000000)
  eden space 177152K, 0% used [0x00000000d5d80000,0x00000000d5d80000,0x00000000e0a80000)
  from space 12288K, 99% used [0x00000000e3280000,0x00000000e3e6c7f8,0x00000000e3e80000)
  to   space 11264K, 0% used [0x00000000e3e80000,0x00000000e3e80000,0x00000000e4980000)
 ParOldGen       total 101888K, used 24418K [0x0000000081800000, 0x0000000087b80000, 0x00000000d5d80000)
  object space 101888K, 23% used [0x0000000081800000,0x0000000082fd8948,0x0000000087b80000)
 Metaspace       used 48998K, capacity 51734K, committed 51840K, reserved 1093632K
  class space    used 6780K, capacity 7280K, committed 7296K, reserved 1048576K
}
Event: 2515.639 GC heap before
{Heap before GC invocations=16 (full 2):
 PSYoungGen      total 189440K, used 189361K [0x00000000d5d80000, 0x00000000e4980000, 0x0000000100000000)
  eden space 177152K, 100% used [0x00000000d5d80000,0x00000000e0a80000,0x00000000e0a80000)
  from space 12288K, 99% used [0x00000000e3280000,0x00000000e3e6c7f8,0x00000000e3e80000)
  to   space 11264K, 0% used [0x00000000e3e80000,0x00000000e3e80000,0x00000000e4980000)
 ParOldGen       total 101888K, used 24418K [0x0000000081800000, 0x0000000087b80000, 0x00000000d5d80000)
  object space 101888K, 23% used [0x0000000081800000,0x0000000082fd8948,0x0000000087b80000)
 Metaspace       used 49012K, capacity 51734K, committed 51840K, reserved 1093632K
  class space    used 6780K, capacity 7280K, committed 7296K, reserved 1048576K
Event: 2515.651 GC heap after
Heap after GC invocations=16 (full 2):
 PSYoungGen      total 182272K, used 11249K [0x00000000d5d80000, 0x00000000e4980000, 0x0000000100000000)
  eden space 171008K, 0% used [0x00000000d5d80000,0x00000000d5d80000,0x00000000e0480000)
  from space 11264K, 99% used [0x00000000e3e80000,0x00000000e497c7d8,0x00000000e4980000)
  to   space 16896K, 0% used [0x00000000e2880000,0x00000000e2880000,0x00000000e3900000)
 ParOldGen       total 101888K, used 25298K [0x0000000081800000, 0x0000000087b80000, 0x00000000d5d80000)
  object space 101888K, 24% used [0x0000000081800000,0x00000000830b4948,0x0000000087b80000)
 Metaspace       used 49012K, capacity 51734K, committed 51840K, reserved 1093632K
  class space    used 6780K, capacity 7280K, committed 7296K, reserved 1048576K
}

