# JRE version: Java(TM) SE Runtime Environment (8.0_191-b12) (build 1.8.0_191-b12)
# Java VM: Java HotSpot(TM) 64-Bit Server VM (25.191-b12 mixed mode windows-amd64 compressed oops)
Heap:
 PSYoungGen      total 159232K, used 5511K [0x00000000d5d80000, 0x00000000e0d80000, 0x0000000100000000)
  eden space 144384K, 3% used [0x00000000d5d80000,0x00000000d62e1fe0,0x00000000dea80000)
  from space 14848K, 0% used [0x00000000df880000,0x00000000df880000,0x00000000e0700000)
  to   space 14336K, 0% used [0x00000000dea80000,0x00000000dea80000,0x00000000df880000)
 ParOldGen       total 128000K, used 30825K [0x0000000081800000, 0x0000000089500000, 0x00000000d5d80000)
  object space 128000K, 24% used [0x0000000081800000,0x000000008361a6f0,0x0000000089500000)
 Metaspace       used 47095K, capacity 49454K, committed 49792K, reserved 1095680K
  class space    used 6500K, capacity 6942K, committed 7040K, reserved 1048576K
GC Heap History (10 events):
Event: 10.922 GC heap before
{Heap before GC invocations=16 (full 4):
 PSYoungGen      total 159232K, used 12376K [0x00000000d5d80000, 0x00000000e0d80000, 0x0000000100000000)
  eden space 144384K, 0% used [0x00000000d5d80000,0x00000000d5d80000,0x00000000dea80000)
  from space 14848K, 83% used [0x00000000df880000,0x00000000e04962c0,0x00000000e0700000)
  to   space 14336K, 0% used [0x00000000dea80000,0x00000000dea80000,0x00000000df880000)
 ParOldGen       total 128000K, used 22589K [0x0000000081800000, 0x0000000089500000, 0x00000000d5d80000)
  object space 128000K, 17% used [0x0000000081800000,0x0000000082e0f4b0,0x0000000089500000)
 Metaspace       used 44120K, capacity 46396K, committed 46464K, reserved 1093632K
  class space    used 6085K, capacity 6505K, committed 6528K, reserved 1048576K
Event: 11.099 GC heap after
Heap after GC invocations=16 (full 4):
 PSYoungGen      total 159232K, used 0K [0x00000000d5d80000, 0x00000000e0d80000, 0x0000000100000000)
  eden space 144384K, 0% used [0x00000000d5d80000,0x00000000d5d80000,0x00000000dea80000)
  from space 14848K, 0% used [0x00000000df880000,0x00000000df880000,0x00000000e0700000)
  to   space 14336K, 0% used [0x00000000dea80000,0x00000000dea80000,0x00000000df880000)
 ParOldGen       total 128000K, used 33390K [0x0000000081800000, 0x0000000089500000, 0x00000000d5d80000)
  object space 128000K, 26% used [0x0000000081800000,0x000000008389b828,0x0000000089500000)
 Metaspace       used 44120K, capacity 46396K, committed 46464K, reserved 1091584K
  class space    used 6085K, capacity 6505K, committed 6528K, reserved 1048576K
}
Event: 11.313 GC heap before
{Heap before GC invocations=17 (full 4):
 PSYoungGen      total 159232K, used 25677K [0x00000000d5d80000, 0x00000000e0d80000, 0x0000000100000000)
  eden space 144384K, 17% used [0x00000000d5d80000,0x00000000d7693548,0x00000000dea80000)
  from space 14848K, 0% used [0x00000000df880000,0x00000000df880000,0x00000000e0700000)
  to   space 14336K, 0% used [0x00000000dea80000,0x00000000dea80000,0x00000000df880000)
 ParOldGen       total 128000K, used 33390K [0x0000000081800000, 0x0000000089500000, 0x00000000d5d80000)
  object space 128000K, 26% used [0x0000000081800000,0x000000008389b828,0x0000000089500000)
 Metaspace       used 45547K, capacity 47850K, committed 48000K, reserved 1099776K
  class space    used 6294K, capacity 6732K, committed 6784K, reserved 1048576K
Event: 11.316 GC heap after
Heap after GC invocations=17 (full 4):
 PSYoungGen      total 158720K, used 1986K [0x00000000d5d80000, 0x00000000e0d80000, 0x0000000100000000)
  eden space 144384K, 0% used [0x00000000d5d80000,0x00000000d5d80000,0x00000000dea80000)
  from space 14336K, 13% used [0x00000000dea80000,0x00000000dec70bf8,0x00000000df880000)
  to   space 14848K, 0% used [0x00000000df880000,0x00000000df880000,0x00000000e0700000)
 ParOldGen       total 128000K, used 33398K [0x0000000081800000, 0x0000000089500000, 0x00000000d5d80000)
  object space 128000K, 26% used [0x0000000081800000,0x000000008389d828,0x0000000089500000)
 Metaspace       used 45547K, capacity 47850K, committed 48000K, reserved 1099776K
  class space    used 6294K, capacity 6732K, committed 6784K, reserved 1048576K
}
Event: 11.316 GC heap before
{Heap before GC invocations=18 (full 5):
 PSYoungGen      total 158720K, used 1986K [0x00000000d5d80000, 0x00000000e0d80000, 0x0000000100000000)
  eden space 144384K, 0% used [0x00000000d5d80000,0x00000000d5d80000,0x00000000dea80000)
  from space 14336K, 13% used [0x00000000dea80000,0x00000000dec70bf8,0x00000000df880000)
  to   space 14848K, 0% used [0x00000000df880000,0x00000000df880000,0x00000000e0700000)
 ParOldGen       total 128000K, used 33398K [0x0000000081800000, 0x0000000089500000, 0x00000000d5d80000)
  object space 128000K, 26% used [0x0000000081800000,0x000000008389d828,0x0000000089500000)
 Metaspace       used 45547K, capacity 47850K, committed 48000K, reserved 1099776K
  class space    used 6294K, capacity 6732K, committed 6784K, reserved 1048576K
Event: 11.395 GC heap after
Heap after GC invocations=18 (full 5):
 PSYoungGen      total 158720K, used 0K [0x00000000d5d80000, 0x00000000e0d80000, 0x0000000100000000)
  eden space 144384K, 0% used [0x00000000d5d80000,0x00000000d5d80000,0x00000000dea80000)
  from space 14336K, 0% used [0x00000000dea80000,0x00000000dea80000,0x00000000df880000)
  to   space 14848K, 0% used [0x00000000df880000,0x00000000df880000,0x00000000e0700000)
 ParOldGen       total 128000K, used 32454K [0x0000000081800000, 0x0000000089500000, 0x00000000d5d80000)
  object space 128000K, 25% used [0x0000000081800000,0x00000000837b1ab0,0x0000000089500000)
 Metaspace       used 45547K, capacity 47850K, committed 48000K, reserved 1095680K
  class space    used 6294K, capacity 6732K, committed 6784K, reserved 1048576K
}
Event: 11.514 GC heap before
{Heap before GC invocations=19 (full 5):
 PSYoungGen      total 158720K, used 14086K [0x00000000d5d80000, 0x00000000e0d80000, 0x0000000100000000)
  eden space 144384K, 9% used [0x00000000d5d80000,0x00000000d6b41b48,0x00000000dea80000)
  from space 14336K, 0% used [0x00000000dea80000,0x00000000dea80000,0x00000000df880000)
  to   space 14848K, 0% used [0x00000000df880000,0x00000000df880000,0x00000000e0700000)
 ParOldGen       total 128000K, used 32454K [0x0000000081800000, 0x0000000089500000, 0x00000000d5d80000)
  object space 128000K, 25% used [0x0000000081800000,0x00000000837b1ab0,0x0000000089500000)
 Metaspace       used 46891K, capacity 49228K, committed 49408K, reserved 1095680K
  class space    used 6469K, capacity 6909K, committed 6912K, reserved 1048576K
Event: 11.517 GC heap after
Heap after GC invocations=19 (full 5):
 PSYoungGen      total 159232K, used 1553K [0x00000000d5d80000, 0x00000000e0d80000, 0x0000000100000000)
  eden space 144384K, 0% used [0x00000000d5d80000,0x00000000d5d80000,0x00000000dea80000)
  from space 14848K, 10% used [0x00000000df880000,0x00000000dfa04748,0x00000000e0700000)
  to   space 14336K, 0% used [0x00000000dea80000,0x00000000dea80000,0x00000000df880000)
 ParOldGen       total 128000K, used 32462K [0x0000000081800000, 0x0000000089500000, 0x00000000d5d80000)
  object space 128000K, 25% used [0x0000000081800000,0x00000000837b3ab0,0x0000000089500000)
 Metaspace       used 46891K, capacity 49228K, committed 49408K, reserved 1095680K
  class space    used 6469K, capacity 6909K, committed 6912K, reserved 1048576K
}
Event: 11.517 GC heap before
{Heap before GC invocations=20 (full 6):
 PSYoungGen      total 159232K, used 1553K [0x00000000d5d80000, 0x00000000e0d80000, 0x0000000100000000)
  eden space 144384K, 0% used [0x00000000d5d80000,0x00000000d5d80000,0x00000000dea80000)
  from space 14848K, 10% used [0x00000000df880000,0x00000000dfa04748,0x00000000e0700000)
  to   space 14336K, 0% used [0x00000000dea80000,0x00000000dea80000,0x00000000df880000)
 ParOldGen       total 128000K, used 32462K [0x0000000081800000, 0x0000000089500000, 0x00000000d5d80000)
  object space 128000K, 25% used [0x0000000081800000,0x00000000837b3ab0,0x0000000089500000)
 Metaspace       used 46891K, capacity 49228K, committed 49408K, reserved 1095680K
  class space    used 6469K, capacity 6909K, committed 6912K, reserved 1048576K
Event: 11.667 GC heap after
Heap after GC invocations=20 (full 6):
 PSYoungGen      total 159232K, used 0K [0x00000000d5d80000, 0x00000000e0d80000, 0x0000000100000000)
  eden space 144384K, 0% used [0x00000000d5d80000,0x00000000d5d80000,0x00000000dea80000)
  from space 14848K, 0% used [0x00000000df880000,0x00000000df880000,0x00000000e0700000)
  to   space 14336K, 0% used [0x00000000dea80000,0x00000000dea80000,0x00000000df880000)
 ParOldGen       total 128000K, used 30825K [0x0000000081800000, 0x0000000089500000, 0x00000000d5d80000)
  object space 128000K, 24% used [0x0000000081800000,0x000000008361a6f0,0x0000000089500000)
 Metaspace       used 46891K, capacity 49228K, committed 49408K, reserved 1095680K
  class space    used 6469K, capacity 6909K, committed 6912K, reserved 1048576K
}

